{"D:\\projects\\patners\\todolist\\src\\addNewTask.js": {"path":"D:\\projects\\patners\\todolist\\src\\addNewTask.js","statementMap":{"0":{"start":{"line":5,"column":17},"end":{"line":12,"column":1}},"1":{"start":{"line":6,"column":27},"end":{"line":6,"column":32}},"2":{"start":{"line":7,"column":15},"end":{"line":10,"column":76}},"3":{"start":{"line":11,"column":2},"end":{"line":11,"column":14}},"4":{"start":{"line":13,"column":19},"end":{"line":19,"column":1}},"5":{"start":{"line":14,"column":18},"end":{"line":14,"column":46}},"6":{"start":{"line":15,"column":2},"end":{"line":15,"column":31}},"7":{"start":{"line":16,"column":2},"end":{"line":16,"column":59}},"8":{"start":{"line":17,"column":2},"end":{"line":17,"column":45}},"9":{"start":{"line":18,"column":2},"end":{"line":18,"column":17}},"10":{"start":{"line":20,"column":19},"end":{"line":24,"column":1}},"11":{"start":{"line":21,"column":17},"end":{"line":21,"column":48}},"12":{"start":{"line":22,"column":18},"end":{"line":22,"column":42}},"13":{"start":{"line":23,"column":2},"end":{"line":23,"column":30}},"14":{"start":{"line":26,"column":16},"end":{"line":29,"column":1}},"15":{"start":{"line":27,"column":2},"end":{"line":27,"column":27}},"16":{"start":{"line":28,"column":2},"end":{"line":28,"column":44}},"17":{"start":{"line":30,"column":19},"end":{"line":38,"column":1}},"18":{"start":{"line":31,"column":14},"end":{"line":31,"column":15}},"19":{"start":{"line":32,"column":2},"end":{"line":35,"column":5}},"20":{"start":{"line":33,"column":4},"end":{"line":33,"column":32}},"21":{"start":{"line":34,"column":4},"end":{"line":34,"column":15}},"22":{"start":{"line":36,"column":2},"end":{"line":36,"column":14}},"23":{"start":{"line":37,"column":2},"end":{"line":37,"column":19}},"24":{"start":{"line":39,"column":21},"end":{"line":46,"column":1}},"25":{"start":{"line":40,"column":18},"end":{"line":40,"column":49}},"26":{"start":{"line":41,"column":2},"end":{"line":41,"column":25}},"27":{"start":{"line":43,"column":2},"end":{"line":43,"column":27}},"28":{"start":{"line":44,"column":2},"end":{"line":44,"column":21}},"29":{"start":{"line":45,"column":2},"end":{"line":45,"column":50}},"30":{"start":{"line":47,"column":19},"end":{"line":62,"column":1}},"31":{"start":{"line":48,"column":2},"end":{"line":48,"column":33}},"32":{"start":{"line":48,"column":27},"end":{"line":48,"column":33}},"33":{"start":{"line":49,"column":16},"end":{"line":49,"column":26}},"34":{"start":{"line":50,"column":19},"end":{"line":50,"column":35}},"35":{"start":{"line":51,"column":15},"end":{"line":55,"column":3}},"36":{"start":{"line":56,"column":2},"end":{"line":56,"column":19}},"37":{"start":{"line":57,"column":2},"end":{"line":57,"column":21}},"38":{"start":{"line":58,"column":2},"end":{"line":58,"column":28}},"39":{"start":{"line":59,"column":2},"end":{"line":59,"column":19}},"40":{"start":{"line":60,"column":2},"end":{"line":60,"column":40}},"41":{"start":{"line":64,"column":19},"end":{"line":69,"column":1}},"42":{"start":{"line":65,"column":14},"end":{"line":65,"column":24}},"43":{"start":{"line":66,"column":2},"end":{"line":66,"column":37}},"44":{"start":{"line":67,"column":2},"end":{"line":67,"column":21}},"45":{"start":{"line":68,"column":2},"end":{"line":68,"column":30}}},"fnMap":{"0":{"name":"(anonymous_0)","decl":{"start":{"line":5,"column":17},"end":{"line":5,"column":18}},"loc":{"start":{"line":5,"column":35},"end":{"line":12,"column":1}},"line":5},"1":{"name":"(anonymous_1)","decl":{"start":{"line":13,"column":19},"end":{"line":13,"column":20}},"loc":{"start":{"line":13,"column":37},"end":{"line":19,"column":1}},"line":13},"2":{"name":"(anonymous_2)","decl":{"start":{"line":20,"column":19},"end":{"line":20,"column":20}},"loc":{"start":{"line":20,"column":37},"end":{"line":24,"column":1}},"line":20},"3":{"name":"(anonymous_3)","decl":{"start":{"line":26,"column":16},"end":{"line":26,"column":17}},"loc":{"start":{"line":26,"column":40},"end":{"line":29,"column":1}},"line":26},"4":{"name":"(anonymous_4)","decl":{"start":{"line":30,"column":19},"end":{"line":30,"column":20}},"loc":{"start":{"line":30,"column":37},"end":{"line":38,"column":1}},"line":30},"5":{"name":"(anonymous_5)","decl":{"start":{"line":32,"column":16},"end":{"line":32,"column":17}},"loc":{"start":{"line":32,"column":26},"end":{"line":35,"column":3}},"line":32},"6":{"name":"(anonymous_6)","decl":{"start":{"line":39,"column":21},"end":{"line":39,"column":22}},"loc":{"start":{"line":39,"column":46},"end":{"line":46,"column":1}},"line":39},"7":{"name":"(anonymous_7)","decl":{"start":{"line":47,"column":19},"end":{"line":47,"column":20}},"loc":{"start":{"line":47,"column":41},"end":{"line":62,"column":1}},"line":47},"8":{"name":"(anonymous_8)","decl":{"start":{"line":64,"column":19},"end":{"line":64,"column":20}},"loc":{"start":{"line":64,"column":45},"end":{"line":69,"column":1}},"line":64}},"branchMap":{"0":{"loc":{"start":{"line":48,"column":2},"end":{"line":48,"column":33}},"type":"if","locations":[{"start":{"line":48,"column":2},"end":{"line":48,"column":33}},{"start":{},"end":{}}],"line":48}},"s":{"0":1,"1":3,"2":3,"3":3,"4":1,"5":3,"6":3,"7":3,"8":3,"9":3,"10":1,"11":3,"12":3,"13":3,"14":1,"15":3,"16":3,"17":1,"18":1,"19":1,"20":3,"21":3,"22":1,"23":1,"24":1,"25":1,"26":1,"27":1,"28":1,"29":1,"30":1,"31":2,"32":1,"33":1,"34":1,"35":1,"36":1,"37":1,"38":1,"39":1,"40":1,"41":1,"42":0,"43":0,"44":0,"45":0},"f":{"0":3,"1":3,"2":3,"3":3,"4":1,"5":3,"6":1,"7":2,"8":0},"b":{"0":[1,1]},"_coverageSchema":"1a1c01bbd47fc00a2c39e90264f33305004495a9","hash":"c86192babe5d154a994db10cacc57210ce05362e"}
,"D:\\projects\\patners\\todolist\\src\\completed.js": {"path":"D:\\projects\\patners\\todolist\\src\\completed.js","statementMap":{"0":{"start":{"line":2,"column":2},"end":{"line":7,"column":3}},"1":{"start":{"line":2,"column":15},"end":{"line":2,"column":16}},"2":{"start":{"line":3,"column":4},"end":{"line":6,"column":5}},"3":{"start":{"line":4,"column":6},"end":{"line":4,"column":33}},"4":{"start":{"line":5,"column":6},"end":{"line":5,"column":61}},"5":{"start":{"line":11,"column":2},"end":{"line":15,"column":3}},"6":{"start":{"line":12,"column":4},"end":{"line":12,"column":33}},"7":{"start":{"line":14,"column":4},"end":{"line":14,"column":34}},"8":{"start":{"line":19,"column":16},"end":{"line":19,"column":59}},"9":{"start":{"line":20,"column":16},"end":{"line":20,"column":53}},"10":{"start":{"line":22,"column":2},"end":{"line":38,"column":3}},"11":{"start":{"line":22,"column":15},"end":{"line":22,"column":16}},"12":{"start":{"line":22,"column":22},"end":{"line":22,"column":23}},"13":{"start":{"line":23,"column":22},"end":{"line":23,"column":58}},"14":{"start":{"line":24,"column":18},"end":{"line":24,"column":55}},"15":{"start":{"line":25,"column":4},"end":{"line":37,"column":7}},"16":{"start":{"line":26,"column":6},"end":{"line":36,"column":7}},"17":{"start":{"line":27,"column":8},"end":{"line":27,"column":45}},"18":{"start":{"line":28,"column":8},"end":{"line":28,"column":50}},"19":{"start":{"line":29,"column":8},"end":{"line":29,"column":51}},"20":{"start":{"line":30,"column":8},"end":{"line":30,"column":42}},"21":{"start":{"line":32,"column":8},"end":{"line":32,"column":48}},"22":{"start":{"line":33,"column":8},"end":{"line":33,"column":41}},"23":{"start":{"line":34,"column":8},"end":{"line":34,"column":42}},"24":{"start":{"line":35,"column":8},"end":{"line":35,"column":42}}},"fnMap":{"0":{"name":"checkBox","decl":{"start":{"line":1,"column":9},"end":{"line":1,"column":17}},"loc":{"start":{"line":1,"column":39},"end":{"line":8,"column":1}},"line":1},"1":{"name":"editCompleted","decl":{"start":{"line":10,"column":16},"end":{"line":10,"column":29}},"loc":{"start":{"line":10,"column":49},"end":{"line":16,"column":1}},"line":10},"2":{"name":"completed","decl":{"start":{"line":18,"column":16},"end":{"line":18,"column":25}},"loc":{"start":{"line":18,"column":28},"end":{"line":39,"column":1}},"line":18},"3":{"name":"(anonymous_3)","decl":{"start":{"line":25,"column":39},"end":{"line":25,"column":40}},"loc":{"start":{"line":25,"column":45},"end":{"line":37,"column":5}},"line":25}},"branchMap":{"0":{"loc":{"start":{"line":3,"column":4},"end":{"line":6,"column":5}},"type":"if","locations":[{"start":{"line":3,"column":4},"end":{"line":6,"column":5}},{"start":{},"end":{}}],"line":3},"1":{"loc":{"start":{"line":11,"column":2},"end":{"line":15,"column":3}},"type":"if","locations":[{"start":{"line":11,"column":2},"end":{"line":15,"column":3}},{"start":{"line":13,"column":9},"end":{"line":15,"column":3}}],"line":11},"2":{"loc":{"start":{"line":26,"column":6},"end":{"line":36,"column":7}},"type":"if","locations":[{"start":{"line":26,"column":6},"end":{"line":36,"column":7}},{"start":{"line":31,"column":13},"end":{"line":36,"column":7}}],"line":26}},"s":{"0":0,"1":0,"2":0,"3":0,"4":0,"5":0,"6":0,"7":0,"8":0,"9":0,"10":0,"11":0,"12":0,"13":0,"14":0,"15":0,"16":0,"17":0,"18":0,"19":0,"20":0,"21":0,"22":0,"23":0,"24":0},"f":{"0":0,"1":0,"2":0,"3":0},"b":{"0":[0,0],"1":[0,0],"2":[0,0]},"_coverageSchema":"1a1c01bbd47fc00a2c39e90264f33305004495a9","hash":"990d91a08d909717ce430b22aef25c345c112bee"}
,"D:\\projects\\patners\\todolist\\src\\isolated_functions.js": {"path":"D:\\projects\\patners\\todolist\\src\\isolated_functions.js","statementMap":{"0":{"start":{"line":3,"column":19},"end":{"line":3,"column":21}},"1":{"start":{"line":5,"column":21},"end":{"line":8,"column":1}},"2":{"start":{"line":9,"column":12},"end":{"line":9,"column":13}},"3":{"start":{"line":11,"column":26},"end":{"line":25,"column":1}},"4":{"start":{"line":12,"column":15},"end":{"line":12,"column":46}},"5":{"start":{"line":13,"column":24},"end":{"line":13,"column":53}},"6":{"start":{"line":15,"column":2},"end":{"line":15,"column":38}},"7":{"start":{"line":16,"column":2},"end":{"line":16,"column":37}},"8":{"start":{"line":18,"column":2},"end":{"line":23,"column":8}},"9":{"start":{"line":24,"column":2},"end":{"line":24,"column":34}},"10":{"start":{"line":27,"column":20},"end":{"line":33,"column":1}},"11":{"start":{"line":28,"column":2},"end":{"line":28,"column":12}},"12":{"start":{"line":29,"column":2},"end":{"line":32,"column":5}},"13":{"start":{"line":30,"column":4},"end":{"line":30,"column":23}},"14":{"start":{"line":31,"column":4},"end":{"line":31,"column":15}},"15":{"start":{"line":35,"column":17},"end":{"line":35,"column":66}},"16":{"start":{"line":35,"column":23},"end":{"line":35,"column":66}},"17":{"start":{"line":37,"column":20},"end":{"line":41,"column":1}},"18":{"start":{"line":38,"column":2},"end":{"line":38,"column":57}},"19":{"start":{"line":39,"column":2},"end":{"line":39,"column":21}},"20":{"start":{"line":40,"column":2},"end":{"line":40,"column":57}},"21":{"start":{"line":54,"column":21},"end":{"line":61,"column":1}},"22":{"start":{"line":55,"column":2},"end":{"line":60,"column":3}},"23":{"start":{"line":56,"column":4},"end":{"line":56,"column":56}},"24":{"start":{"line":58,"column":4},"end":{"line":58,"column":15}},"25":{"start":{"line":59,"column":4},"end":{"line":59,"column":59}},"26":{"start":{"line":63,"column":18},"end":{"line":66,"column":1}},"27":{"start":{"line":64,"column":19},"end":{"line":64,"column":63}},"28":{"start":{"line":64,"column":42},"end":{"line":64,"column":62}},"29":{"start":{"line":65,"column":2},"end":{"line":65,"column":18}},"30":{"start":{"line":68,"column":17},"end":{"line":76,"column":1}},"31":{"start":{"line":69,"column":16},"end":{"line":69,"column":26}},"32":{"start":{"line":70,"column":2},"end":{"line":75,"column":3}},"33":{"start":{"line":70,"column":15},"end":{"line":70,"column":16}},"34":{"start":{"line":71,"column":4},"end":{"line":74,"column":5}},"35":{"start":{"line":72,"column":6},"end":{"line":72,"column":46}},"36":{"start":{"line":73,"column":6},"end":{"line":73,"column":25}},"37":{"start":{"line":78,"column":23},"end":{"line":91,"column":1}},"38":{"start":{"line":79,"column":16},"end":{"line":79,"column":26}},"39":{"start":{"line":80,"column":2},"end":{"line":90,"column":3}},"40":{"start":{"line":80,"column":15},"end":{"line":80,"column":16}},"41":{"start":{"line":81,"column":4},"end":{"line":89,"column":5}},"42":{"start":{"line":82,"column":24},"end":{"line":82,"column":64}},"43":{"start":{"line":83,"column":20},"end":{"line":83,"column":61}},"44":{"start":{"line":84,"column":18},"end":{"line":84,"column":56}},"45":{"start":{"line":85,"column":6},"end":{"line":85,"column":43}},"46":{"start":{"line":86,"column":6},"end":{"line":86,"column":48}},"47":{"start":{"line":87,"column":6},"end":{"line":87,"column":49}},"48":{"start":{"line":88,"column":6},"end":{"line":88,"column":45}},"49":{"start":{"line":93,"column":17},"end":{"line":100,"column":1}},"50":{"start":{"line":94,"column":27},"end":{"line":94,"column":32}},"51":{"start":{"line":95,"column":15},"end":{"line":98,"column":76}},"52":{"start":{"line":99,"column":2},"end":{"line":99,"column":14}},"53":{"start":{"line":102,"column":19},"end":{"line":108,"column":1}},"54":{"start":{"line":103,"column":18},"end":{"line":103,"column":46}},"55":{"start":{"line":104,"column":2},"end":{"line":104,"column":31}},"56":{"start":{"line":105,"column":2},"end":{"line":105,"column":59}},"57":{"start":{"line":106,"column":2},"end":{"line":106,"column":45}},"58":{"start":{"line":107,"column":2},"end":{"line":107,"column":17}},"59":{"start":{"line":110,"column":19},"end":{"line":114,"column":1}},"60":{"start":{"line":111,"column":17},"end":{"line":111,"column":48}},"61":{"start":{"line":112,"column":18},"end":{"line":112,"column":42}},"62":{"start":{"line":113,"column":2},"end":{"line":113,"column":30}},"63":{"start":{"line":116,"column":17},"end":{"line":127,"column":1}},"64":{"start":{"line":117,"column":18},"end":{"line":117,"column":49}},"65":{"start":{"line":118,"column":2},"end":{"line":118,"column":25}},"66":{"start":{"line":119,"column":2},"end":{"line":119,"column":42}},"67":{"start":{"line":119,"column":23},"end":{"line":119,"column":40}},"68":{"start":{"line":120,"column":2},"end":{"line":120,"column":12}},"69":{"start":{"line":121,"column":2},"end":{"line":124,"column":5}},"70":{"start":{"line":122,"column":4},"end":{"line":122,"column":28}},"71":{"start":{"line":123,"column":4},"end":{"line":123,"column":15}},"72":{"start":{"line":125,"column":2},"end":{"line":125,"column":14}},"73":{"start":{"line":126,"column":2},"end":{"line":126,"column":19}},"74":{"start":{"line":129,"column":19},"end":{"line":134,"column":1}},"75":{"start":{"line":130,"column":14},"end":{"line":130,"column":24}},"76":{"start":{"line":131,"column":2},"end":{"line":131,"column":37}},"77":{"start":{"line":132,"column":2},"end":{"line":132,"column":21}},"78":{"start":{"line":133,"column":2},"end":{"line":133,"column":30}},"79":{"start":{"line":136,"column":27},"end":{"line":142,"column":1}},"80":{"start":{"line":137,"column":17},"end":{"line":137,"column":59}},"81":{"start":{"line":138,"column":19},"end":{"line":138,"column":24}},"82":{"start":{"line":139,"column":2},"end":{"line":141,"column":5}},"83":{"start":{"line":140,"column":4},"end":{"line":140,"column":37}},"84":{"start":{"line":144,"column":16},"end":{"line":178,"column":1}},"85":{"start":{"line":145,"column":2},"end":{"line":145,"column":27}},"86":{"start":{"line":146,"column":2},"end":{"line":146,"column":44}},"87":{"start":{"line":148,"column":21},"end":{"line":148,"column":62}},"88":{"start":{"line":149,"column":2},"end":{"line":149,"column":38}},"89":{"start":{"line":150,"column":24},"end":{"line":150,"column":64}},"90":{"start":{"line":151,"column":19},"end":{"line":151,"column":60}},"91":{"start":{"line":152,"column":14},"end":{"line":152,"column":52}},"92":{"start":{"line":153,"column":2},"end":{"line":157,"column":5}},"93":{"start":{"line":154,"column":4},"end":{"line":154,"column":46}},"94":{"start":{"line":155,"column":4},"end":{"line":155,"column":39}},"95":{"start":{"line":156,"column":4},"end":{"line":156,"column":45}},"96":{"start":{"line":158,"column":2},"end":{"line":177,"column":5}},"97":{"start":{"line":159,"column":4},"end":{"line":172,"column":5}},"98":{"start":{"line":160,"column":18},"end":{"line":160,"column":61}},"99":{"start":{"line":161,"column":6},"end":{"line":161,"column":31}},"100":{"start":{"line":162,"column":6},"end":{"line":162,"column":25}},"101":{"start":{"line":163,"column":22},"end":{"line":163,"column":53}},"102":{"start":{"line":164,"column":6},"end":{"line":164,"column":29}},"103":{"start":{"line":165,"column":6},"end":{"line":165,"column":46}},"104":{"start":{"line":165,"column":27},"end":{"line":165,"column":44}},"105":{"start":{"line":166,"column":6},"end":{"line":166,"column":16}},"106":{"start":{"line":167,"column":6},"end":{"line":170,"column":9}},"107":{"start":{"line":168,"column":8},"end":{"line":168,"column":36}},"108":{"start":{"line":169,"column":8},"end":{"line":169,"column":19}},"109":{"start":{"line":171,"column":6},"end":{"line":171,"column":18}},"110":{"start":{"line":173,"column":4},"end":{"line":173,"column":49}},"111":{"start":{"line":174,"column":4},"end":{"line":174,"column":36}},"112":{"start":{"line":175,"column":4},"end":{"line":175,"column":32}},"113":{"start":{"line":176,"column":4},"end":{"line":176,"column":36}},"114":{"start":{"line":180,"column":19},"end":{"line":188,"column":1}},"115":{"start":{"line":181,"column":2},"end":{"line":181,"column":12}},"116":{"start":{"line":182,"column":2},"end":{"line":185,"column":5}},"117":{"start":{"line":183,"column":4},"end":{"line":183,"column":32}},"118":{"start":{"line":184,"column":4},"end":{"line":184,"column":15}},"119":{"start":{"line":186,"column":2},"end":{"line":186,"column":14}},"120":{"start":{"line":187,"column":2},"end":{"line":187,"column":19}},"121":{"start":{"line":190,"column":21},"end":{"line":197,"column":1}},"122":{"start":{"line":191,"column":18},"end":{"line":191,"column":49}},"123":{"start":{"line":192,"column":2},"end":{"line":192,"column":25}},"124":{"start":{"line":194,"column":2},"end":{"line":194,"column":27}},"125":{"start":{"line":195,"column":2},"end":{"line":195,"column":21}},"126":{"start":{"line":196,"column":2},"end":{"line":196,"column":50}},"127":{"start":{"line":199,"column":19},"end":{"line":211,"column":1}},"128":{"start":{"line":200,"column":16},"end":{"line":200,"column":26}},"129":{"start":{"line":201,"column":19},"end":{"line":201,"column":35}},"130":{"start":{"line":202,"column":15},"end":{"line":206,"column":3}},"131":{"start":{"line":207,"column":2},"end":{"line":207,"column":19}},"132":{"start":{"line":208,"column":2},"end":{"line":208,"column":21}},"133":{"start":{"line":209,"column":2},"end":{"line":209,"column":19}},"134":{"start":{"line":210,"column":2},"end":{"line":210,"column":40}},"135":{"start":{"line":213,"column":23},"end":{"line":221,"column":1}},"136":{"start":{"line":214,"column":14},"end":{"line":214,"column":24}},"137":{"start":{"line":215,"column":2},"end":{"line":215,"column":59}},"138":{"start":{"line":215,"column":33},"end":{"line":215,"column":57}},"139":{"start":{"line":216,"column":18},"end":{"line":216,"column":49}},"140":{"start":{"line":217,"column":2},"end":{"line":217,"column":25}},"141":{"start":{"line":218,"column":2},"end":{"line":218,"column":21}},"142":{"start":{"line":219,"column":2},"end":{"line":219,"column":57}},"143":{"start":{"line":220,"column":2},"end":{"line":220,"column":27}},"144":{"start":{"line":223,"column":26},"end":{"line":255,"column":1}},"145":{"start":{"line":224,"column":20},"end":{"line":224,"column":58}},"146":{"start":{"line":225,"column":19},"end":{"line":225,"column":55}},"147":{"start":{"line":227,"column":2},"end":{"line":233,"column":5}},"148":{"start":{"line":228,"column":4},"end":{"line":232,"column":5}},"149":{"start":{"line":229,"column":6},"end":{"line":231,"column":7}},"150":{"start":{"line":230,"column":8},"end":{"line":230,"column":37}},"151":{"start":{"line":235,"column":2},"end":{"line":239,"column":5}},"152":{"start":{"line":236,"column":4},"end":{"line":238,"column":5}},"153":{"start":{"line":237,"column":6},"end":{"line":237,"column":35}},"154":{"start":{"line":241,"column":20},"end":{"line":241,"column":57}},"155":{"start":{"line":243,"column":2},"end":{"line":245,"column":5}},"156":{"start":{"line":244,"column":4},"end":{"line":244,"column":37}},"157":{"start":{"line":247,"column":2},"end":{"line":249,"column":5}},"158":{"start":{"line":248,"column":4},"end":{"line":248,"column":40}},"159":{"start":{"line":251,"column":20},"end":{"line":251,"column":57}},"160":{"start":{"line":252,"column":2},"end":{"line":254,"column":5}},"161":{"start":{"line":253,"column":4},"end":{"line":253,"column":26}}},"fnMap":{"0":{"name":"(anonymous_0)","decl":{"start":{"line":11,"column":26},"end":{"line":11,"column":27}},"loc":{"start":{"line":11,"column":32},"end":{"line":25,"column":1}},"line":11},"1":{"name":"(anonymous_1)","decl":{"start":{"line":27,"column":20},"end":{"line":27,"column":21}},"loc":{"start":{"line":27,"column":31},"end":{"line":33,"column":1}},"line":27},"2":{"name":"(anonymous_2)","decl":{"start":{"line":29,"column":16},"end":{"line":29,"column":17}},"loc":{"start":{"line":29,"column":26},"end":{"line":32,"column":3}},"line":29},"3":{"name":"(anonymous_3)","decl":{"start":{"line":35,"column":17},"end":{"line":35,"column":18}},"loc":{"start":{"line":35,"column":23},"end":{"line":35,"column":66}},"line":35},"4":{"name":"(anonymous_4)","decl":{"start":{"line":37,"column":20},"end":{"line":37,"column":21}},"loc":{"start":{"line":37,"column":31},"end":{"line":41,"column":1}},"line":37},"5":{"name":"(anonymous_5)","decl":{"start":{"line":54,"column":21},"end":{"line":54,"column":22}},"loc":{"start":{"line":54,"column":27},"end":{"line":61,"column":1}},"line":54},"6":{"name":"(anonymous_6)","decl":{"start":{"line":63,"column":18},"end":{"line":63,"column":19}},"loc":{"start":{"line":63,"column":36},"end":{"line":66,"column":1}},"line":63},"7":{"name":"(anonymous_7)","decl":{"start":{"line":64,"column":32},"end":{"line":64,"column":33}},"loc":{"start":{"line":64,"column":42},"end":{"line":64,"column":62}},"line":64},"8":{"name":"(anonymous_8)","decl":{"start":{"line":68,"column":17},"end":{"line":68,"column":18}},"loc":{"start":{"line":68,"column":40},"end":{"line":76,"column":1}},"line":68},"9":{"name":"(anonymous_9)","decl":{"start":{"line":78,"column":23},"end":{"line":78,"column":24}},"loc":{"start":{"line":78,"column":29},"end":{"line":91,"column":1}},"line":78},"10":{"name":"(anonymous_10)","decl":{"start":{"line":93,"column":17},"end":{"line":93,"column":18}},"loc":{"start":{"line":93,"column":35},"end":{"line":100,"column":1}},"line":93},"11":{"name":"(anonymous_11)","decl":{"start":{"line":102,"column":19},"end":{"line":102,"column":20}},"loc":{"start":{"line":102,"column":37},"end":{"line":108,"column":1}},"line":102},"12":{"name":"(anonymous_12)","decl":{"start":{"line":110,"column":19},"end":{"line":110,"column":20}},"loc":{"start":{"line":110,"column":37},"end":{"line":114,"column":1}},"line":110},"13":{"name":"(anonymous_13)","decl":{"start":{"line":116,"column":17},"end":{"line":116,"column":18}},"loc":{"start":{"line":116,"column":40},"end":{"line":127,"column":1}},"line":116},"14":{"name":"(anonymous_14)","decl":{"start":{"line":119,"column":13},"end":{"line":119,"column":14}},"loc":{"start":{"line":119,"column":23},"end":{"line":119,"column":40}},"line":119},"15":{"name":"(anonymous_15)","decl":{"start":{"line":121,"column":16},"end":{"line":121,"column":17}},"loc":{"start":{"line":121,"column":26},"end":{"line":124,"column":3}},"line":121},"16":{"name":"(anonymous_16)","decl":{"start":{"line":129,"column":19},"end":{"line":129,"column":20}},"loc":{"start":{"line":129,"column":45},"end":{"line":134,"column":1}},"line":129},"17":{"name":"(anonymous_17)","decl":{"start":{"line":136,"column":27},"end":{"line":136,"column":28}},"loc":{"start":{"line":136,"column":50},"end":{"line":142,"column":1}},"line":136},"18":{"name":"(anonymous_18)","decl":{"start":{"line":139,"column":35},"end":{"line":139,"column":36}},"loc":{"start":{"line":139,"column":41},"end":{"line":141,"column":3}},"line":139},"19":{"name":"(anonymous_19)","decl":{"start":{"line":144,"column":16},"end":{"line":144,"column":17}},"loc":{"start":{"line":144,"column":40},"end":{"line":178,"column":1}},"line":144},"20":{"name":"(anonymous_20)","decl":{"start":{"line":153,"column":39},"end":{"line":153,"column":40}},"loc":{"start":{"line":153,"column":45},"end":{"line":157,"column":3}},"line":153},"21":{"name":"(anonymous_21)","decl":{"start":{"line":158,"column":38},"end":{"line":158,"column":39}},"loc":{"start":{"line":158,"column":44},"end":{"line":177,"column":3}},"line":158},"22":{"name":"(anonymous_22)","decl":{"start":{"line":165,"column":17},"end":{"line":165,"column":18}},"loc":{"start":{"line":165,"column":27},"end":{"line":165,"column":44}},"line":165},"23":{"name":"(anonymous_23)","decl":{"start":{"line":167,"column":20},"end":{"line":167,"column":21}},"loc":{"start":{"line":167,"column":30},"end":{"line":170,"column":7}},"line":167},"24":{"name":"(anonymous_24)","decl":{"start":{"line":180,"column":19},"end":{"line":180,"column":20}},"loc":{"start":{"line":180,"column":37},"end":{"line":188,"column":1}},"line":180},"25":{"name":"(anonymous_25)","decl":{"start":{"line":182,"column":16},"end":{"line":182,"column":17}},"loc":{"start":{"line":182,"column":26},"end":{"line":185,"column":3}},"line":182},"26":{"name":"(anonymous_26)","decl":{"start":{"line":190,"column":21},"end":{"line":190,"column":22}},"loc":{"start":{"line":190,"column":46},"end":{"line":197,"column":1}},"line":190},"27":{"name":"(anonymous_27)","decl":{"start":{"line":199,"column":19},"end":{"line":199,"column":20}},"loc":{"start":{"line":199,"column":41},"end":{"line":211,"column":1}},"line":199},"28":{"name":"(anonymous_28)","decl":{"start":{"line":213,"column":23},"end":{"line":213,"column":24}},"loc":{"start":{"line":213,"column":34},"end":{"line":221,"column":1}},"line":213},"29":{"name":"(anonymous_29)","decl":{"start":{"line":215,"column":23},"end":{"line":215,"column":24}},"loc":{"start":{"line":215,"column":33},"end":{"line":215,"column":57}},"line":215},"30":{"name":"(anonymous_30)","decl":{"start":{"line":223,"column":26},"end":{"line":223,"column":27}},"loc":{"start":{"line":223,"column":37},"end":{"line":255,"column":1}},"line":223},"31":{"name":"(anonymous_31)","decl":{"start":{"line":227,"column":40},"end":{"line":227,"column":41}},"loc":{"start":{"line":227,"column":47},"end":{"line":233,"column":3}},"line":227},"32":{"name":"(anonymous_32)","decl":{"start":{"line":235,"column":37},"end":{"line":235,"column":38}},"loc":{"start":{"line":235,"column":43},"end":{"line":239,"column":3}},"line":235},"33":{"name":"(anonymous_33)","decl":{"start":{"line":243,"column":38},"end":{"line":243,"column":39}},"loc":{"start":{"line":243,"column":44},"end":{"line":245,"column":3}},"line":243},"34":{"name":"(anonymous_34)","decl":{"start":{"line":247,"column":37},"end":{"line":247,"column":38}},"loc":{"start":{"line":247,"column":43},"end":{"line":249,"column":3}},"line":247},"35":{"name":"(anonymous_35)","decl":{"start":{"line":252,"column":38},"end":{"line":252,"column":39}},"loc":{"start":{"line":252,"column":44},"end":{"line":254,"column":3}},"line":252}},"branchMap":{"0":{"loc":{"start":{"line":55,"column":2},"end":{"line":60,"column":3}},"type":"if","locations":[{"start":{"line":55,"column":2},"end":{"line":60,"column":3}},{"start":{"line":57,"column":9},"end":{"line":60,"column":3}}],"line":55},"1":{"loc":{"start":{"line":71,"column":4},"end":{"line":74,"column":5}},"type":"if","locations":[{"start":{"line":71,"column":4},"end":{"line":74,"column":5}},{"start":{},"end":{}}],"line":71},"2":{"loc":{"start":{"line":81,"column":4},"end":{"line":89,"column":5}},"type":"if","locations":[{"start":{"line":81,"column":4},"end":{"line":89,"column":5}},{"start":{},"end":{}}],"line":81},"3":{"loc":{"start":{"line":159,"column":4},"end":{"line":172,"column":5}},"type":"if","locations":[{"start":{"line":159,"column":4},"end":{"line":172,"column":5}},{"start":{},"end":{}}],"line":159},"4":{"loc":{"start":{"line":228,"column":4},"end":{"line":232,"column":5}},"type":"if","locations":[{"start":{"line":228,"column":4},"end":{"line":232,"column":5}},{"start":{},"end":{}}],"line":228},"5":{"loc":{"start":{"line":229,"column":6},"end":{"line":231,"column":7}},"type":"if","locations":[{"start":{"line":229,"column":6},"end":{"line":231,"column":7}},{"start":{},"end":{}}],"line":229},"6":{"loc":{"start":{"line":236,"column":4},"end":{"line":238,"column":5}},"type":"if","locations":[{"start":{"line":236,"column":4},"end":{"line":238,"column":5}},{"start":{},"end":{}}],"line":236}},"s":{"0":1,"1":1,"2":1,"3":1,"4":0,"5":0,"6":0,"7":0,"8":0,"9":0,"10":1,"11":0,"12":0,"13":0,"14":0,"15":1,"16":0,"17":1,"18":0,"19":0,"20":0,"21":1,"22":0,"23":0,"24":0,"25":0,"26":1,"27":0,"28":0,"29":0,"30":1,"31":0,"32":0,"33":0,"34":0,"35":0,"36":0,"37":1,"38":0,"39":0,"40":0,"41":0,"42":0,"43":0,"44":0,"45":0,"46":0,"47":0,"48":0,"49":1,"50":0,"51":0,"52":0,"53":1,"54":0,"55":0,"56":0,"57":0,"58":0,"59":1,"60":0,"61":0,"62":0,"63":1,"64":0,"65":0,"66":0,"67":0,"68":0,"69":0,"70":0,"71":0,"72":0,"73":0,"74":1,"75":0,"76":0,"77":0,"78":0,"79":1,"80":0,"81":0,"82":0,"83":0,"84":1,"85":0,"86":0,"87":0,"88":0,"89":0,"90":0,"91":0,"92":0,"93":0,"94":0,"95":0,"96":0,"97":0,"98":0,"99":0,"100":0,"101":0,"102":0,"103":0,"104":0,"105":0,"106":0,"107":0,"108":0,"109":0,"110":0,"111":0,"112":0,"113":0,"114":1,"115":0,"116":0,"117":0,"118":0,"119":0,"120":0,"121":1,"122":0,"123":0,"124":0,"125":0,"126":0,"127":1,"128":0,"129":0,"130":0,"131":0,"132":0,"133":0,"134":0,"135":1,"136":0,"137":0,"138":0,"139":0,"140":0,"141":0,"142":0,"143":0,"144":1,"145":0,"146":0,"147":0,"148":0,"149":0,"150":0,"151":0,"152":0,"153":0,"154":0,"155":0,"156":0,"157":0,"158":0,"159":0,"160":0,"161":0},"f":{"0":0,"1":0,"2":0,"3":0,"4":0,"5":0,"6":0,"7":0,"8":0,"9":0,"10":0,"11":0,"12":0,"13":0,"14":0,"15":0,"16":0,"17":0,"18":0,"19":0,"20":0,"21":0,"22":0,"23":0,"24":0,"25":0,"26":0,"27":0,"28":0,"29":0,"30":0,"31":0,"32":0,"33":0,"34":0,"35":0},"b":{"0":[0,0],"1":[0,0],"2":[0,0],"3":[0,0],"4":[0,0],"5":[0,0],"6":[0,0]},"_coverageSchema":"1a1c01bbd47fc00a2c39e90264f33305004495a9","hash":"69db46cd96f6f9b947e5f14634e2f1adb8fa443a"}
}
