TN:
SF:src\addNewTask.js
FN:5,(anonymous_0)
FN:13,(anonymous_1)
FN:20,(anonymous_2)
FN:26,(anonymous_3)
FN:30,(anonymous_4)
FN:32,(anonymous_5)
FN:39,(anonymous_6)
FN:47,(anonymous_7)
FN:64,(anonymous_8)
FNF:9
FNH:8
FNDA:3,(anonymous_0)
FNDA:3,(anonymous_1)
FNDA:3,(anonymous_2)
FNDA:3,(anonymous_3)
FNDA:1,(anonymous_4)
FNDA:3,(anonymous_5)
FNDA:1,(anonymous_6)
FNDA:2,(anonymous_7)
FNDA:0,(anonymous_8)
DA:5,1
DA:6,3
DA:7,3
DA:11,3
DA:13,1
DA:14,3
DA:15,3
DA:16,3
DA:17,3
DA:18,3
DA:20,1
DA:21,3
DA:22,3
DA:23,3
DA:26,1
DA:27,3
DA:28,3
DA:30,1
DA:31,1
DA:32,1
DA:33,3
DA:34,3
DA:36,1
DA:37,1
DA:39,1
DA:40,1
DA:41,1
DA:43,1
DA:44,1
DA:45,1
DA:47,1
DA:48,2
DA:49,1
DA:50,1
DA:51,1
DA:56,1
DA:57,1
DA:58,1
DA:59,1
DA:60,1
DA:64,1
DA:65,0
DA:66,0
DA:67,0
DA:68,0
LF:45
LH:41
BRDA:48,0,0,1
BRDA:48,0,1,1
BRF:2
BRH:2
end_of_record
TN:
SF:src\completed.js
FN:1,checkBox
FN:10,editCompleted
FN:18,completed
FN:25,(anonymous_3)
FNF:4
FNH:0
FNDA:0,checkBox
FNDA:0,editCompleted
FNDA:0,completed
FNDA:0,(anonymous_3)
DA:2,0
DA:3,0
DA:4,0
DA:5,0
DA:11,0
DA:12,0
DA:14,0
DA:19,0
DA:20,0
DA:22,0
DA:23,0
DA:24,0
DA:25,0
DA:26,0
DA:27,0
DA:28,0
DA:29,0
DA:30,0
DA:32,0
DA:33,0
DA:34,0
DA:35,0
LF:22
LH:0
BRDA:3,0,0,0
BRDA:3,0,1,0
BRDA:11,1,0,0
BRDA:11,1,1,0
BRDA:26,2,0,0
BRDA:26,2,1,0
BRF:6
BRH:0
end_of_record
TN:
SF:src\isolated_functions.js
FN:11,(anonymous_0)
FN:27,(anonymous_1)
FN:29,(anonymous_2)
FN:35,(anonymous_3)
FN:37,(anonymous_4)
FN:54,(anonymous_5)
FN:63,(anonymous_6)
FN:64,(anonymous_7)
FN:68,(anonymous_8)
FN:78,(anonymous_9)
FN:93,(anonymous_10)
FN:102,(anonymous_11)
FN:110,(anonymous_12)
FN:116,(anonymous_13)
FN:119,(anonymous_14)
FN:121,(anonymous_15)
FN:129,(anonymous_16)
FN:136,(anonymous_17)
FN:139,(anonymous_18)
FN:144,(anonymous_19)
FN:153,(anonymous_20)
FN:158,(anonymous_21)
FN:165,(anonymous_22)
FN:167,(anonymous_23)
FN:180,(anonymous_24)
FN:182,(anonymous_25)
FN:190,(anonymous_26)
FN:199,(anonymous_27)
FN:213,(anonymous_28)
FN:215,(anonymous_29)
FN:223,(anonymous_30)
FN:227,(anonymous_31)
FN:235,(anonymous_32)
FN:243,(anonymous_33)
FN:247,(anonymous_34)
FN:252,(anonymous_35)
FNF:36
FNH:0
FNDA:0,(anonymous_0)
FNDA:0,(anonymous_1)
FNDA:0,(anonymous_2)
FNDA:0,(anonymous_3)
FNDA:0,(anonymous_4)
FNDA:0,(anonymous_5)
FNDA:0,(anonymous_6)
FNDA:0,(anonymous_7)
FNDA:0,(anonymous_8)
FNDA:0,(anonymous_9)
FNDA:0,(anonymous_10)
FNDA:0,(anonymous_11)
FNDA:0,(anonymous_12)
FNDA:0,(anonymous_13)
FNDA:0,(anonymous_14)
FNDA:0,(anonymous_15)
FNDA:0,(anonymous_16)
FNDA:0,(anonymous_17)
FNDA:0,(anonymous_18)
FNDA:0,(anonymous_19)
FNDA:0,(anonymous_20)
FNDA:0,(anonymous_21)
FNDA:0,(anonymous_22)
FNDA:0,(anonymous_23)
FNDA:0,(anonymous_24)
FNDA:0,(anonymous_25)
FNDA:0,(anonymous_26)
FNDA:0,(anonymous_27)
FNDA:0,(anonymous_28)
FNDA:0,(anonymous_29)
FNDA:0,(anonymous_30)
FNDA:0,(anonymous_31)
FNDA:0,(anonymous_32)
FNDA:0,(anonymous_33)
FNDA:0,(anonymous_34)
FNDA:0,(anonymous_35)
DA:3,1
DA:5,1
DA:9,1
DA:11,1
DA:12,0
DA:13,0
DA:15,0
DA:16,0
DA:18,0
DA:24,0
DA:27,1
DA:28,0
DA:29,0
DA:30,0
DA:31,0
DA:35,1
DA:37,1
DA:38,0
DA:39,0
DA:40,0
DA:54,1
DA:55,0
DA:56,0
DA:58,0
DA:59,0
DA:63,1
DA:64,0
DA:65,0
DA:68,1
DA:69,0
DA:70,0
DA:71,0
DA:72,0
DA:73,0
DA:78,1
DA:79,0
DA:80,0
DA:81,0
DA:82,0
DA:83,0
DA:84,0
DA:85,0
DA:86,0
DA:87,0
DA:88,0
DA:93,1
DA:94,0
DA:95,0
DA:99,0
DA:102,1
DA:103,0
DA:104,0
DA:105,0
DA:106,0
DA:107,0
DA:110,1
DA:111,0
DA:112,0
DA:113,0
DA:116,1
DA:117,0
DA:118,0
DA:119,0
DA:120,0
DA:121,0
DA:122,0
DA:123,0
DA:125,0
DA:126,0
DA:129,1
DA:130,0
DA:131,0
DA:132,0
DA:133,0
DA:136,1
DA:137,0
DA:138,0
DA:139,0
DA:140,0
DA:144,1
DA:145,0
DA:146,0
DA:148,0
DA:149,0
DA:150,0
DA:151,0
DA:152,0
DA:153,0
DA:154,0
DA:155,0
DA:156,0
DA:158,0
DA:159,0
DA:160,0
DA:161,0
DA:162,0
DA:163,0
DA:164,0
DA:165,0
DA:166,0
DA:167,0
DA:168,0
DA:169,0
DA:171,0
DA:173,0
DA:174,0
DA:175,0
DA:176,0
DA:180,1
DA:181,0
DA:182,0
DA:183,0
DA:184,0
DA:186,0
DA:187,0
DA:190,1
DA:191,0
DA:192,0
DA:194,0
DA:195,0
DA:196,0
DA:199,1
DA:200,0
DA:201,0
DA:202,0
DA:207,0
DA:208,0
DA:209,0
DA:210,0
DA:213,1
DA:214,0
DA:215,0
DA:216,0
DA:217,0
DA:218,0
DA:219,0
DA:220,0
DA:223,1
DA:224,0
DA:225,0
DA:227,0
DA:228,0
DA:229,0
DA:230,0
DA:235,0
DA:236,0
DA:237,0
DA:241,0
DA:243,0
DA:244,0
DA:247,0
DA:248,0
DA:251,0
DA:252,0
DA:253,0
LF:155
LH:23
BRDA:55,0,0,0
BRDA:55,0,1,0
BRDA:71,1,0,0
BRDA:71,1,1,0
BRDA:81,2,0,0
BRDA:81,2,1,0
BRDA:159,3,0,0
BRDA:159,3,1,0
BRDA:228,4,0,0
BRDA:228,4,1,0
BRDA:229,5,0,0
BRDA:229,5,1,0
BRDA:236,6,0,0
BRDA:236,6,1,0
BRF:14
BRH:0
end_of_record
